<?xml version="1.0" encoding="UTF-8"?>
<!-- Generated by org.testng.reporters.JUnitReportReporter -->
<testsuite hostname="DESKTOP-2SA0BMJ" failures="0" tests="2" name="dragan.MavenProjectSection35.RestAssured_Test$RestAPI_Test" time="0.010" errors="0" timestamp="2024-09-18T14:44:42 CEST" skipped="0">
  <testcase classname="dragan.MavenProjectSection35.RestAssured_Test$RestAPI_Test" name="postJira" time="0.001"/>
  <system-out/>
  <testcase classname="dragan.MavenProjectSection35.RestAssured_Test$RestAPI_Test" name="deleteTwitter" time="0.009"/>
  <system-out/>
</testsuite> <!-- dragan.MavenProjectSection35.RestAssured_Test$RestAPI_Test -->
