<?xml version="1.0" encoding="UTF-8"?>
<!-- Generated by org.testng.reporters.JUnitReportReporter -->
<testsuite hostname="Envy" failures="0" tests="3" name="dragan.MavenProjectSection35.Selenium_Test" time="0.014" errors="0" timestamp="2024-09-24T15:45:34 CEST" skipped="0">
  <testcase classname="dragan.MavenProjectSection35.Selenium_Test" name="browserAutomation" time="0.009"/>
  <system-out/>
  <testcase classname="dragan.MavenProjectSection35.Selenium_Test" name="elementUI" time="0.002"/>
  <system-out/>
  <testcase classname="dragan.MavenProjectSection35.Selenium_Test" name="footerTest" time="0.003"/>
  <system-out/>
</testsuite> <!-- dragan.MavenProjectSection35.Selenium_Test -->
