<?xml version="1.0" encoding="UTF-8"?>
<!-- Generated by org.testng.reporters.JUnitReportReporter -->
<testsuite hostname="DESKTOP-2SA0BMJ" failures="0" tests="2" name="dragan.MavenProjectSection35.Selenium_Test" time="0.009" errors="0" timestamp="2024-09-23T18:43:07 CEST" skipped="0">
  <testcase classname="dragan.MavenProjectSection35.Selenium_Test" name="browserAutomation" time="0.008"/>
  <testcase classname="dragan.MavenProjectSection35.Selenium_Test" name="elementUI" time="0.001"/>
</testsuite> <!-- dragan.MavenProjectSection35.Selenium_Test -->
